\BOOKMARK [1][-]{section.1}{1 研究テーマ: プランニング\(自動行動計画\)とは?}{}% 1
\BOOKMARK [1][-]{section.2}{2 プランニング\(自動行動計画\)分野の位置づけ}{}% 2
\BOOKMARK [1][-]{section.3}{3 研究業績1 : 査読付き学会論文 ICAPS14 \(採択率33\045\)}{}% 3
\BOOKMARK [1][-]{section.4}{4 研究業績2 : 査読付き学会論文 ICAPS15 \(採択率33\045\)}{}% 4
\BOOKMARK [1][-]{section.5}{5 研究業績3 : 査読付き学会論文 AAAI16 \(採択率26\045\)}{}% 5
\BOOKMARK [1][-]{section.6}{6 研究業績4 : 査読付き論文誌 JAIR \(採択率12\045\)}{}% 6
\BOOKMARK [1][-]{section.7}{7 研究業績5 : 学会論文 ICAPS17 \(採択率33\045\)}{}% 7
\BOOKMARK [1][-]{section.8}{8 研究業績6 : 査読付き学会論文 IJCAI17 \(採択率25\045\)}{}% 8
\BOOKMARK [1][-]{section.9}{9 研究業績7 : 査読付きワークショップ KEPS \(採択率60\045\)}{}% 9
\BOOKMARK [2][-]{subsection.9.1}{9.1 研究業績7 : 査読付きワークショップ KEPS \(採択率60\045\)}{section.9}% 10
\BOOKMARK [2][-]{subsection.9.2}{9.2 研究業績7 : 査読付きワークショップ KEPS \(採択率60\045\)}{section.9}% 11
\BOOKMARK [1][-]{section.10}{10 今後の研究計画}{}% 12
\BOOKMARK [1][-]{section.11}{11 まとめ}{}% 13
\BOOKMARK [1][-]{section.12}{12 付録 古典プランニング問題とは \(定義\)}{}% 14
\BOOKMARK [1][-]{section.13}{13 付録 古典プランニングを研究する意義は?}{}% 15
\BOOKMARK [1][-]{section.14}{14 付録 AIの倫理について}{}% 16
\BOOKMARK [1][-]{section.15}{15 付録 ディープラーニングとどう違うのか}{}% 17
\BOOKMARK [2][-]{subsection.15.1}{15.1 付録 ディープラーニング関連}{section.15}% 18
\BOOKMARK [1][-]{section.16}{16 付録 第五世代コンピュータとの違いは?}{}% 19
\BOOKMARK [1][-]{section.17}{17 付録 Explicit Graph と Implicit Graph との違い}{}% 20
\BOOKMARK [1][-]{section.18}{18 付録 似たような研究は誰がやっていますか どこでやられていますか}{}% 21
\BOOKMARK [1][-]{section.19}{19 付録 プランニングはマイナーで大したことのない分野?}{}% 22
\BOOKMARK [1][-]{section.20}{20 付録 汎用性を失わずに解く?}{}% 23
\BOOKMARK [1][-]{section.21}{21 付録 その研究は…}{}% 24
\BOOKMARK [2][-]{subsection.21.1}{21.1 国内で誰が似たようなことをやっているか}{section.21}% 25
\BOOKMARK [1][-]{section.22}{22 付録 学会論文の位置づけ}{}% 26
\BOOKMARK [1][-]{section.23}{23 HTN と ICAPS-15 の違い}{}% 27
\BOOKMARK [1][-]{section.24}{24 付録 Q\046A}{}% 28
\BOOKMARK [1][-]{section.25}{25 付録 今後のキャリアパスは？}{}% 29
\BOOKMARK [1][-]{section.26}{26 付録 今後の研究計画が、インパクトの少ない今までの延長のように見えるんだけど・・・}{}% 30
\BOOKMARK [1][-]{section.27}{27 付録 アドホックな解法に見えるんだけど・・・}{}% 31
\BOOKMARK [1][-]{section.28}{28 付録 失敗しそうなんだけど・・・}{}% 32
\BOOKMARK [1][-]{section.29}{29 付録?? とにかくまとはずれな質問}{}% 33
