\BOOKMARK [1][-]{section.1}{1 研究テーマ: プランニング\(自動行動計画\)とは?}{}% 1
\BOOKMARK [1][-]{section.2}{2 プランニング\(自動行動計画\)分野の位置づけ}{}% 2
\BOOKMARK [1][-]{section.3}{3 研究業績1 : 査読付き学会論文 ICAPS14}{}% 3
\BOOKMARK [1][-]{section.4}{4 研究業績2,3 : 査読付き学会論文 KEPS14, ICAPS15}{}% 4
\BOOKMARK [1][-]{section.5}{5 研究業績4 : 査読付き学会論文 AAAI16 \( 申請後に採択 \)}{}% 5
\BOOKMARK [1][-]{section.6}{6 今後の研究計画}{}% 6
\BOOKMARK [1][-]{section.7}{7 まとめ}{}% 7
\BOOKMARK [1][-]{section.8}{8 付録 古典プランニング問題とは \(定義\)}{}% 8
\BOOKMARK [1][-]{section.9}{9 付録 古典プランニングを研究する意義は?}{}% 9
\BOOKMARK [1][-]{section.10}{10 付録 AIの倫理について}{}% 10
\BOOKMARK [1][-]{section.11}{11 付録 ディープラーニングとどう違うのか}{}% 11
\BOOKMARK [2][-]{subsection.11.1}{11.1 付録 ディープラーニング関連}{section.11}% 12
\BOOKMARK [1][-]{section.12}{12 付録 第五世代コンピュータとの違いは?}{}% 13
\BOOKMARK [1][-]{section.13}{13 付録 Explicit Graph と Implicit Graph との違い}{}% 14
\BOOKMARK [1][-]{section.14}{14 付録 似たような研究は誰がやっていますか どこでやられていますか}{}% 15
\BOOKMARK [1][-]{section.15}{15 付録 プランニングはマイナーで大したことのない分野?}{}% 16
\BOOKMARK [1][-]{section.16}{16 付録 汎用性を失わずに解く?}{}% 17
\BOOKMARK [1][-]{section.17}{17 付録 その研究は…}{}% 18
\BOOKMARK [2][-]{subsection.17.1}{17.1 国内で誰が似たようなことをやっているか}{section.17}% 19
\BOOKMARK [1][-]{section.18}{18 付録 学会論文の位置づけ}{}% 20
\BOOKMARK [1][-]{section.19}{19 HTN と ICAPS-15 の違い}{}% 21
\BOOKMARK [1][-]{section.20}{20 付録 Q\046A}{}% 22
\BOOKMARK [1][-]{section.21}{21 付録 今後のキャリアパスは？}{}% 23
\BOOKMARK [1][-]{section.22}{22 付録 今後の研究計画が、インパクトの少ない今までの延長のように見えるんだけど・・・}{}% 24
\BOOKMARK [1][-]{section.23}{23 付録 アドホックな解法に見えるんだけど・・・}{}% 25
\BOOKMARK [1][-]{section.24}{24 付録 失敗しそうなんだけど・・・}{}% 26
\BOOKMARK [1][-]{section.25}{25 付録?? とにかくまとはずれな質問}{}% 27
