\BOOKMARK [1][-]{section.1}{1 背景 -- AIプランニング}{}% 1
\BOOKMARK [2][-]{subsection.1.1}{1.1 誰?}{section.1}% 2
\BOOKMARK [3][-]{subsubsection.1.1.1}{1.1.1 誰?}{subsection.1.1}% 3
\BOOKMARK [3][-]{subsubsection.1.1.2}{1.1.2 誰?}{subsection.1.1}% 4
\BOOKMARK [3][-]{subsubsection.1.1.3}{1.1.3 誰?}{subsection.1.1}% 5
\BOOKMARK [3][-]{subsubsection.1.1.4}{1.1.4 誰?}{subsection.1.1}% 6
\BOOKMARK [3][-]{subsubsection.1.1.5}{1.1.5 誰?}{subsection.1.1}% 7
\BOOKMARK [2][-]{subsection.1.2}{1.2 自律行動のための自動プランナ \(≠ モータ制御\)}{section.1}% 8
\BOOKMARK [2][-]{subsection.1.3}{1.3 自律行動のための自動プランナ \(≠ モータ制御\)}{section.1}% 9
\BOOKMARK [2][-]{subsection.1.4}{1.4 自律行動のための自動プランナ \(≠ モータ制御\)}{section.1}% 10
\BOOKMARK [2][-]{subsection.1.5}{1.5 プランニング\(自動行動計画\)分野の位置づけ}{section.1}% 11
\BOOKMARK [2][-]{subsection.1.6}{1.6 業績1: 査読付き国際学会 ICAPS14 \(採択率33\045\)}{section.1}% 12
\BOOKMARK [2][-]{subsection.1.7}{1.7 業績2: 査読付き国際学会 ICAPS15 \(採択率33\045\)}{section.1}% 13
\BOOKMARK [2][-]{subsection.1.8}{1.8 業績3: 査読付き国際学会 AAAI16 \(採択率26\045\)}{section.1}% 14
\BOOKMARK [2][-]{subsection.1.9}{1.9 [}{section.1}% 15
\BOOKMARK [2][-]{subsection.1.10}{1.10 [}{section.1}% 16
\BOOKMARK [2][-]{subsection.1.11}{1.11 業績6: 査読付き国際学会 IJCAI17 \(採択率25\045\)}{section.1}% 17
\BOOKMARK [1][-]{section.2}{2 産業技術総合研究所で行いたい研究}{}% 18
\BOOKMARK [2][-]{subsection.2.1}{2.1 Q. いま はやり のDeep Learningとの違いは?}{section.2}% 19
\BOOKMARK [2][-]{subsection.2.2}{2.2 既存の有名システム}{section.2}% 20
\BOOKMARK [2][-]{subsection.2.3}{2.3 記号的AIによる論理推論の重要性}{section.2}% 21
\BOOKMARK [2][-]{subsection.2.4}{2.4 業績7: 査読付きワークショップ KEPS \(採択率60\045\)}{section.2}% 22
\BOOKMARK [3][-]{subsubsection.2.4.1}{2.4.1 研究業績7 : 査読付きワークショップ KEPS}{subsection.2.4}% 23
\BOOKMARK [3][-]{subsubsection.2.4.2}{2.4.2 業績7: 査読付きワークショップ KEPS \(採択率60\045\)}{subsection.2.4}% 24
\BOOKMARK [3][-]{subsubsection.2.4.3}{2.4.3 Gumbel-Softmax}{subsection.2.4}% 25
\BOOKMARK [3][-]{subsubsection.2.4.4}{2.4.4 研究業績7 : 査読付きワークショップ KEPS}{subsection.2.4}% 26
\BOOKMARK [1][-]{section.3}{3 今後の研究計画}{}% 27
\BOOKMARK [1][-]{section.4}{4 研究成果の産業応用}{}% 28
\BOOKMARK [1][-]{section.5}{5 まとめ}{}% 29
\BOOKMARK [1][-]{section.6}{6 付録}{}% 30
\BOOKMARK [2][-]{subsection.6.1}{6.1 既存システムとの違い \(追加\)}{section.6}% 31
\BOOKMARK [2][-]{subsection.6.2}{6.2 Learning from Observation との違い}{section.6}% 32
